To honour the JVM settings for this build a single-use Daemon process will be forked. For more on this, please refer to https://docs.gradle.org/8.4/userguide/gradle_daemon.html#sec:disabling_the_daemon in the Gradle documentation.
Daemon will be stopped at the end of the build 

> Configure project :app
WARNING: The option setting 'android.aapt2FromMavenOverride=/root/.openclaw/workspace/android-sdk/build-tools/34.0.0/aapt2' is experimental.
WARNING: We recommend using a newer Android Gradle plugin to use compileSdk = 34

This Android Gradle plugin (8.1.0) was tested up to compileSdk = 33 (and compileSdkPreview = "UpsideDownCakePrivacySandbox").

You are strongly encouraged to update your project to use a newer
Android Gradle plugin that has been tested with compileSdk = 34.

If you are already using the latest version of the Android Gradle plugin,
you may need to wait until a newer version with support for compileSdk = 34 is available.

To suppress this warning, add/update
    android.suppressUnsupportedCompileSdk=34
to this project's gradle.properties.

> Task :app:preBuild UP-TO-DATE
> Task :app:preDebugBuild UP-TO-DATE
> Task :app:mergeDebugNativeDebugMetadata NO-SOURCE
> Task :app:checkDebugAarMetadata UP-TO-DATE
> Task :app:generateDebugResValues UP-TO-DATE
> Task :app:mapDebugSourceSetPaths UP-TO-DATE
> Task :app:generateDebugResources UP-TO-DATE
> Task :app:packageDebugResources
> Task :app:parseDebugLocalResources UP-TO-DATE
> Task :app:createDebugCompatibleScreenManifests UP-TO-DATE
> Task :app:extractDeepLinksDebug UP-TO-DATE
> Task :app:processDebugMainManifest UP-TO-DATE
> Task :app:processDebugManifest UP-TO-DATE
> Task :app:processDebugManifestForPackage UP-TO-DATE
> Task :app:javaPreCompileDebug UP-TO-DATE
> Task :app:mergeDebugShaders UP-TO-DATE
> Task :app:compileDebugShaders NO-SOURCE
> Task :app:generateDebugAssets UP-TO-DATE
> Task :app:mergeDebugAssets UP-TO-DATE
> Task :app:compressDebugAssets UP-TO-DATE
> Task :app:desugarDebugFileDependencies UP-TO-DATE
> Task :app:mergeDebugResources
> Task :app:checkDebugDuplicateClasses UP-TO-DATE
> Task :app:processDebugResources FAILED

FAILURE: Build failed with an exception.

* What went wrong:
Execution failed for task ':app:processDebugResources'.
> Could not resolve all files for configuration ':app:debugRuntimeClasspath'.
   > Failed to transform appcompat-1.6.1.aar (androidx.appcompat:appcompat:1.6.1) to match attributes {artifactType=android-compiled-dependencies-resources, org.gradle.category=library, org.gradle.dependency.bundling=external, org.gradle.libraryelements=aar, org.gradle.status=release, org.gradle.usage=java-runtime}.
      > Execution failed for AarResourcesCompilerTransform: /root/.gradle/caches/transforms-3/5c656924bfa3e1cecbaeb105737d537a/transformed/appcompat-1.6.1.
         > AAPT2 34.0.0 Daemon #0: Daemon startup failed
           This should not happen under normal circumstances, please file an issue if it does.
   > Failed to transform core-1.12.0.aar (androidx.core:core:1.12.0) to match attributes {artifactType=android-compiled-dependencies-resources, org.gradle.category=library, org.gradle.dependency.bundling=external, org.gradle.libraryelements=aar, org.gradle.status=release, org.gradle.usage=java-runtime}.
      > Execution failed for AarResourcesCompilerTransform: /root/.gradle/caches/transforms-3/e5d4164a6314afe4346f0b5461442499/transformed/core-1.12.0.
         > AAPT2 34.0.0 Daemon #1: Daemon startup failed
           This should not happen under normal circumstances, please file an issue if it does.
   > Failed to transform core-1.12.0.aar (androidx.core:core:1.12.0) to match attributes {artifactType=android-compiled-dependencies-resources, org.gradle.status=release}.
      > Execution failed for AarResourcesCompilerTransform: /root/.gradle/caches/transforms-3/e5d4164a6314afe4346f0b5461442499/transformed/core-1.12.0.
         > AAPT2 34.0.0 Daemon #1: Daemon startup failed
           This should not happen under normal circumstances, please file an issue if it does.
   > Failed to transform core-1.12.0.aar (androidx.core:core:1.12.0) to match attributes {artifactType=android-compiled-dependencies-resources, org.gradle.status=release}.
      > Execution failed for AarResourcesCompilerTransform: /root/.gradle/caches/transforms-3/e5d4164a6314afe4346f0b5461442499/transformed/core-1.12.0.
         > AAPT2 34.0.0 Daemon #1: Daemon startup failed
           This should not happen under normal circumstances, please file an issue if it does.
   > Failed to transform core-1.12.0.aar (androidx.core:core:1.12.0) to match attributes {artifactType=android-compiled-dependencies-resources, org.gradle.status=release}.
      > Execution failed for AarResourcesCompilerTransform: /root/.gradle/caches/transforms-3/e5d4164a6314afe4346f0b5461442499/transformed/core-1.12.0.
         > AAPT2 34.0.0 Daemon #1: Daemon startup failed
           This should not happen under normal circumstances, please file an issue if it does.
   > Failed to transform core-1.12.0.aar (androidx.core:core:1.12.0) to match attributes {artifactType=android-compiled-dependencies-resources, org.gradle.status=release}.
      > Execution failed for AarResourcesCompilerTransform: /root/.gradle/caches/transforms-3/e5d4164a6314afe4346f0b5461442499/transformed/core-1.12.0.
         > AAPT2 34.0.0 Daemon #1: Daemon startup failed
           This should not happen under normal circumstances, please file an issue if it does.
   > Failed to transform core-1.12.0.aar (androidx.core:core:1.12.0) to match attributes {artifactType=android-compiled-dependencies-resources, org.gradle.status=release}.
      > Execution failed for AarResourcesCompilerTransform: /root/.gradle/caches/transforms-3/e5d4164a6314afe4346f0b5461442499/transformed/core-1.12.0.
         > AAPT2 34.0.0 Daemon #1: Daemon startup failed
           This should not happen under normal circumstances, please file an issue if it does.
   > Failed to transform core-1.12.0.aar (androidx.core:core:1.12.0) to match attributes {artifactType=android-compiled-dependencies-resources, org.gradle.status=release}.
      > Execution failed for AarResourcesCompilerTransform: /root/.gradle/caches/transforms-3/e5d4164a6314afe4346f0b5461442499/transformed/core-1.12.0.
         > AAPT2 34.0.0 Daemon #1: Daemon startup failed
           This should not happen under normal circumstances, please file an issue if it does.
   > Failed to transform core-1.12.0.aar (androidx.core:core:1.12.0) to match attributes {artifactType=android-compiled-dependencies-resources, org.gradle.status=release}.
      > Execution failed for AarResourcesCompilerTransform: /root/.gradle/caches/transforms-3/e5d4164a6314afe4346f0b5461442499/transformed/core-1.12.0.
         > AAPT2 34.0.0 Daemon #1: Daemon startup failed
           This should not happen under normal circumstances, please file an issue if it does.
   > Failed to transform core-1.12.0.aar (androidx.core:core:1.12.0) to match attributes {artifactType=android-compiled-dependencies-resources, org.gradle.status=release}.
      > Execution failed for AarResourcesCompilerTransform: /root/.gradle/caches/transforms-3/e5d4164a6314afe4346f0b5461442499/transformed/core-1.12.0.
         > AAPT2 34.0.0 Daemon #1: Daemon startup failed
           This should not happen under normal circumstances, please file an issue if it does.
   > Failed to transform core-1.12.0.aar (androidx.core:core:1.12.0) to match attributes {artifactType=android-compiled-dependencies-resources, org.gradle.status=release}.
      > Execution failed for AarResourcesCompilerTransform: /root/.gradle/caches/transforms-3/e5d4164a6314afe4346f0b5461442499/transformed/core-1.12.0.
         > AAPT2 34.0.0 Daemon #1: Daemon startup failed
           This should not happen under normal circumstances, please file an issue if it does.
   > Failed to transform core-1.12.0.aar (androidx.core:core:1.12.0) to match attributes {artifactType=android-compiled-dependencies-resources, org.gradle.status=release}.
      > Execution failed for AarResourcesCompilerTransform: /root/.gradle/caches/transforms-3/e5d4164a6314afe4346f0b5461442499/transformed/core-1.12.0.
         > AAPT2 34.0.0 Daemon #1: Daemon startup failed
           This should not happen under normal circumstances, please file an issue if it does.
   > Failed to transform core-1.12.0.aar (androidx.core:core:1.12.0) to match attributes {artifactType=android-compiled-dependencies-resources, org.gradle.status=release}.
      > Execution failed for AarResourcesCompilerTransform: /root/.gradle/caches/transforms-3/e5d4164a6314afe4346f0b5461442499/transformed/core-1.12.0.
         > AAPT2 34.0.0 Daemon #1: Daemon startup failed
           This should not happen under normal circumstances, please file an issue if it does.

* Try:
> Run with --stacktrace option to get the stack trace.
> Run with --info or --debug option to get more log output.
> Run with --scan to get full insights.
> Get more help at https://help.gradle.org.

BUILD FAILED in 22s
18 actionable tasks: 3 executed, 15 up-to-date
