To honour the JVM settings for this build a single-use Daemon process will be forked. For more on this, please refer to https://docs.gradle.org/8.4/userguide/gradle_daemon.html#sec:disabling_the_daemon in the Gradle documentation.
Daemon will be stopped at the end of the build 
WARNING: We recommend using a newer Android Gradle plugin to use compileSdk = 34

This Android Gradle plugin (8.1.0) was tested up to compileSdk = 33 (and compileSdkPreview = "UpsideDownCakePrivacySandbox").

You are strongly encouraged to update your project to use a newer
Android Gradle plugin that has been tested with compileSdk = 34.

If you are already using the latest version of the Android Gradle plugin,
you may need to wait until a newer version with support for compileSdk = 34 is available.

To suppress this warning, add/update
    android.suppressUnsupportedCompileSdk=34
to this project's gradle.properties.
> Task :app:preBuild UP-TO-DATE
> Task :app:preDebugBuild UP-TO-DATE
> Task :app:mergeDebugNativeDebugMetadata NO-SOURCE
> Task :app:generateDebugResValues
> Task :app:checkDebugAarMetadata
> Task :app:mapDebugSourceSetPaths
> Task :app:generateDebugResources
> Task :app:packageDebugResources
> Task :app:createDebugCompatibleScreenManifests
> Task :app:extractDeepLinksDebug
> Task :app:parseDebugLocalResources
> Task :app:mergeDebugResources

> Task :app:processDebugMainManifest
package="com.hehe.rimo" found in source AndroidManifest.xml: /root/.openclaw/workspace/RimoProject/app/src/main/AndroidManifest.xml.
Setting the namespace via the package attribute in the source AndroidManifest.xml is no longer supported, and the value is ignored.
Recommendation: remove package="com.hehe.rimo" from the source AndroidManifest.xml: /root/.openclaw/workspace/RimoProject/app/src/main/AndroidManifest.xml.

> Task :app:processDebugManifest
> Task :app:javaPreCompileDebug
> Task :app:mergeDebugShaders
> Task :app:compileDebugShaders NO-SOURCE
> Task :app:generateDebugAssets UP-TO-DATE
> Task :app:mergeDebugAssets
> Task :app:compressDebugAssets
> Task :app:desugarDebugFileDependencies
> Task :app:mergeDebugJniLibFolders
> Task :app:checkDebugDuplicateClasses
> Task :app:mergeDebugNativeLibs NO-SOURCE
> Task :app:stripDebugDebugSymbols NO-SOURCE
> Task :app:mergeLibDexDebug
> Task :app:validateSigningDebug
> Task :app:writeDebugAppMetadata
> Task :app:writeDebugSigningConfigVersions
> Task :app:processDebugManifestForPackage
> Task :app:mergeExtDexDebug
> Task :app:processDebugResources FAILED

FAILURE: Build failed with an exception.

* What went wrong:
Execution failed for task ':app:processDebugResources'.
> Could not resolve all files for configuration ':app:debugRuntimeClasspath'.
   > Failed to transform appcompat-1.6.1.aar (androidx.appcompat:appcompat:1.6.1) to match attributes {artifactType=android-compiled-dependencies-resources, org.gradle.category=library, org.gradle.dependency.bundling=external, org.gradle.libraryelements=aar, org.gradle.status=release, org.gradle.usage=java-runtime}.
      > Execution failed for AarResourcesCompilerTransform: /root/.gradle/caches/transforms-3/5c656924bfa3e1cecbaeb105737d537a/transformed/appcompat-1.6.1.
         > AAPT2 aapt2-8.1.0-10154469-linux Daemon #0: Daemon startup failed
           This should not happen under normal circumstances, please file an issue if it does.
   > Failed to transform core-1.12.0.aar (androidx.core:core:1.12.0) to match attributes {artifactType=android-compiled-dependencies-resources, org.gradle.category=library, org.gradle.dependency.bundling=external, org.gradle.libraryelements=aar, org.gradle.status=release, org.gradle.usage=java-runtime}.
      > Execution failed for AarResourcesCompilerTransform: /root/.gradle/caches/transforms-3/e5d4164a6314afe4346f0b5461442499/transformed/core-1.12.0.
         > AAPT2 aapt2-8.1.0-10154469-linux Daemon #1: Daemon startup failed
           This should not happen under normal circumstances, please file an issue if it does.
   > Failed to transform core-1.12.0.aar (androidx.core:core:1.12.0) to match attributes {artifactType=android-compiled-dependencies-resources, org.gradle.status=release}.
      > Execution failed for AarResourcesCompilerTransform: /root/.gradle/caches/transforms-3/e5d4164a6314afe4346f0b5461442499/transformed/core-1.12.0.
         > AAPT2 aapt2-8.1.0-10154469-linux Daemon #1: Daemon startup failed
           This should not happen under normal circumstances, please file an issue if it does.
   > Failed to transform core-1.12.0.aar (androidx.core:core:1.12.0) to match attributes {artifactType=android-compiled-dependencies-resources, org.gradle.status=release}.
      > Execution failed for AarResourcesCompilerTransform: /root/.gradle/caches/transforms-3/e5d4164a6314afe4346f0b5461442499/transformed/core-1.12.0.
         > AAPT2 aapt2-8.1.0-10154469-linux Daemon #1: Daemon startup failed
           This should not happen under normal circumstances, please file an issue if it does.
   > Failed to transform core-1.12.0.aar (androidx.core:core:1.12.0) to match attributes {artifactType=android-compiled-dependencies-resources, org.gradle.status=release}.
      > Execution failed for AarResourcesCompilerTransform: /root/.gradle/caches/transforms-3/e5d4164a6314afe4346f0b5461442499/transformed/core-1.12.0.
         > AAPT2 aapt2-8.1.0-10154469-linux Daemon #1: Daemon startup failed
           This should not happen under normal circumstances, please file an issue if it does.
   > Failed to transform core-1.12.0.aar (androidx.core:core:1.12.0) to match attributes {artifactType=android-compiled-dependencies-resources, org.gradle.status=release}.
      > Execution failed for AarResourcesCompilerTransform: /root/.gradle/caches/transforms-3/e5d4164a6314afe4346f0b5461442499/transformed/core-1.12.0.
         > AAPT2 aapt2-8.1.0-10154469-linux Daemon #1: Daemon startup failed
           This should not happen under normal circumstances, please file an issue if it does.
   > Failed to transform core-1.12.0.aar (androidx.core:core:1.12.0) to match attributes {artifactType=android-compiled-dependencies-resources, org.gradle.status=release}.
      > Execution failed for AarResourcesCompilerTransform: /root/.gradle/caches/transforms-3/e5d4164a6314afe4346f0b5461442499/transformed/core-1.12.0.
         > AAPT2 aapt2-8.1.0-10154469-linux Daemon #1: Daemon startup failed
           This should not happen under normal circumstances, please file an issue if it does.
   > Failed to transform core-1.12.0.aar (androidx.core:core:1.12.0) to match attributes {artifactType=android-compiled-dependencies-resources, org.gradle.status=release}.
      > Execution failed for AarResourcesCompilerTransform: /root/.gradle/caches/transforms-3/e5d4164a6314afe4346f0b5461442499/transformed/core-1.12.0.
         > AAPT2 aapt2-8.1.0-10154469-linux Daemon #1: Daemon startup failed
           This should not happen under normal circumstances, please file an issue if it does.
   > Failed to transform core-1.12.0.aar (androidx.core:core:1.12.0) to match attributes {artifactType=android-compiled-dependencies-resources, org.gradle.status=release}.
      > Execution failed for AarResourcesCompilerTransform: /root/.gradle/caches/transforms-3/e5d4164a6314afe4346f0b5461442499/transformed/core-1.12.0.
         > AAPT2 aapt2-8.1.0-10154469-linux Daemon #1: Daemon startup failed
           This should not happen under normal circumstances, please file an issue if it does.
   > Failed to transform core-1.12.0.aar (androidx.core:core:1.12.0) to match attributes {artifactType=android-compiled-dependencies-resources, org.gradle.status=release}.
      > Execution failed for AarResourcesCompilerTransform: /root/.gradle/caches/transforms-3/e5d4164a6314afe4346f0b5461442499/transformed/core-1.12.0.
         > AAPT2 aapt2-8.1.0-10154469-linux Daemon #1: Daemon startup failed
           This should not happen under normal circumstances, please file an issue if it does.
   > Failed to transform core-1.12.0.aar (androidx.core:core:1.12.0) to match attributes {artifactType=android-compiled-dependencies-resources, org.gradle.status=release}.
      > Execution failed for AarResourcesCompilerTransform: /root/.gradle/caches/transforms-3/e5d4164a6314afe4346f0b5461442499/transformed/core-1.12.0.
         > AAPT2 aapt2-8.1.0-10154469-linux Daemon #1: Daemon startup failed
           This should not happen under normal circumstances, please file an issue if it does.
   > Failed to transform core-1.12.0.aar (androidx.core:core:1.12.0) to match attributes {artifactType=android-compiled-dependencies-resources, org.gradle.status=release}.
      > Execution failed for AarResourcesCompilerTransform: /root/.gradle/caches/transforms-3/e5d4164a6314afe4346f0b5461442499/transformed/core-1.12.0.
         > AAPT2 aapt2-8.1.0-10154469-linux Daemon #1: Daemon startup failed
           This should not happen under normal circumstances, please file an issue if it does.
   > Failed to transform core-1.12.0.aar (androidx.core:core:1.12.0) to match attributes {artifactType=android-compiled-dependencies-resources, org.gradle.status=release}.
      > Execution failed for AarResourcesCompilerTransform: /root/.gradle/caches/transforms-3/e5d4164a6314afe4346f0b5461442499/transformed/core-1.12.0.
         > AAPT2 aapt2-8.1.0-10154469-linux Daemon #1: Daemon startup failed
           This should not happen under normal circumstances, please file an issue if it does.

* Try:
> Run with --stacktrace option to get the stack trace.
> Run with --info or --debug option to get more log output.
> Run with --scan to get full insights.
> Get more help at https://help.gradle.org.

BUILD FAILED in 1m
24 actionable tasks: 24 executed
